2019-06-11 08:49:46,046 CRIT Supervisor running as root (no user in config file)
2019-06-11 08:49:46,048 INFO supervisord started with pid 1
2019-06-11 08:49:47,051 INFO spawned: 'exit_on_any_fatal' with pid 36
2019-06-11 08:49:47,053 INFO spawned: 'apache' with pid 37
2019-06-11 08:49:47,055 INFO spawned: 'run_schedule' with pid 38
2019-06-11 08:49:48,274 INFO success: exit_on_any_fatal entered RUNNING state, process has stayed up for > than 1 seconds (startsecs)
2019-06-11 08:49:48,274 INFO success: apache entered RUNNING state, process has stayed up for > than 1 seconds (startsecs)
2019-06-11 08:49:48,275 INFO success: run_schedule entered RUNNING state, process has stayed up for > than 1 seconds (startsecs)
2019-06-12 03:06:14,825 CRIT Supervisor running as root (no user in config file)
2019-06-12 03:06:14,840 INFO supervisord started with pid 1
2019-06-12 03:06:15,844 INFO spawned: 'exit_on_any_fatal' with pid 20
2019-06-12 03:06:15,851 INFO spawned: 'apache' with pid 21
2019-06-12 03:06:15,864 INFO spawned: 'run_schedule' with pid 22
2019-06-12 03:06:17,435 INFO success: exit_on_any_fatal entered RUNNING state, process has stayed up for > than 1 seconds (startsecs)
2019-06-12 03:06:17,436 INFO success: apache entered RUNNING state, process has stayed up for > than 1 seconds (startsecs)
2019-06-12 03:06:17,437 INFO success: run_schedule entered RUNNING state, process has stayed up for > than 1 seconds (startsecs)
2019-06-12 10:15:45,693 WARN received SIGTERM indicating exit request
2019-06-12 10:15:45,717 INFO waiting for apache, exit_on_any_fatal, run_schedule to die
2019-06-12 10:15:46,688 INFO stopped: run_schedule (terminated by SIGTERM)
2019-06-12 10:15:46,741 INFO stopped: apache (terminated by SIGTERM)
2019-06-12 10:15:46,773 INFO stopped: exit_on_any_fatal (terminated by SIGTERM)
2019-06-14 02:02:26,300 CRIT Supervisor running as root (no user in config file)
2019-06-14 02:02:26,314 INFO supervisord started with pid 1
2019-06-14 02:02:27,318 INFO spawned: 'exit_on_any_fatal' with pid 21
2019-06-14 02:02:27,326 INFO spawned: 'apache' with pid 22
2019-06-14 02:02:27,337 INFO spawned: 'run_schedule' with pid 23
2019-06-14 02:02:28,890 INFO success: exit_on_any_fatal entered RUNNING state, process has stayed up for > than 1 seconds (startsecs)
2019-06-14 02:02:28,891 INFO success: apache entered RUNNING state, process has stayed up for > than 1 seconds (startsecs)
2019-06-14 02:02:28,893 INFO success: run_schedule entered RUNNING state, process has stayed up for > than 1 seconds (startsecs)
2019-06-14 11:02:28,304 WARN received SIGTERM indicating exit request
2019-06-14 11:02:28,314 INFO waiting for apache, exit_on_any_fatal, run_schedule to die
2019-06-14 11:02:29,323 INFO stopped: run_schedule (terminated by SIGTERM)
2019-06-14 11:02:29,370 INFO stopped: apache (terminated by SIGTERM)
2019-06-14 11:02:29,399 INFO stopped: exit_on_any_fatal (terminated by SIGTERM)
2019-06-20 04:02:37,078 CRIT Supervisor running as root (no user in config file)
2019-06-20 04:02:37,091 INFO supervisord started with pid 1
2019-06-20 04:02:38,106 INFO spawned: 'exit_on_any_fatal' with pid 21
2019-06-20 04:02:38,115 INFO spawned: 'apache' with pid 22
2019-06-20 04:02:38,119 INFO spawned: 'run_schedule' with pid 23
2019-06-20 04:02:39,998 INFO success: exit_on_any_fatal entered RUNNING state, process has stayed up for > than 1 seconds (startsecs)
2019-06-20 04:02:39,999 INFO success: apache entered RUNNING state, process has stayed up for > than 1 seconds (startsecs)
2019-06-20 04:02:40,000 INFO success: run_schedule entered RUNNING state, process has stayed up for > than 1 seconds (startsecs)
2019-06-20 05:56:11,308 WARN received SIGTERM indicating exit request
2019-06-20 05:56:11,332 INFO waiting for apache, exit_on_any_fatal, run_schedule to die
2019-06-20 05:56:11,336 INFO stopped: run_schedule (terminated by SIGTERM)
2019-06-20 05:56:11,434 INFO stopped: apache (terminated by SIGTERM)
2019-06-20 05:56:11,463 INFO stopped: exit_on_any_fatal (terminated by SIGTERM)
2019-06-20 07:40:48,802 CRIT Supervisor running as root (no user in config file)
2019-06-20 07:40:48,811 INFO supervisord started with pid 1
2019-06-20 07:40:49,815 INFO spawned: 'exit_on_any_fatal' with pid 20
2019-06-20 07:40:49,819 INFO spawned: 'apache' with pid 21
2019-06-20 07:40:49,822 INFO spawned: 'run_schedule' with pid 22
2019-06-20 07:40:50,936 INFO success: exit_on_any_fatal entered RUNNING state, process has stayed up for > than 1 seconds (startsecs)
2019-06-20 07:40:50,936 INFO success: apache entered RUNNING state, process has stayed up for > than 1 seconds (startsecs)
2019-06-20 07:40:50,937 INFO success: run_schedule entered RUNNING state, process has stayed up for > than 1 seconds (startsecs)
2019-06-20 11:21:18,477 WARN received SIGTERM indicating exit request
2019-06-20 11:21:18,479 INFO waiting for apache, exit_on_any_fatal, run_schedule to die
2019-06-20 11:21:19,484 INFO stopped: run_schedule (terminated by SIGTERM)
2019-06-20 11:21:19,518 INFO stopped: apache (terminated by SIGTERM)
2019-06-20 11:21:19,550 INFO stopped: exit_on_any_fatal (terminated by SIGTERM)
2019-06-21 10:25:35,101 CRIT Supervisor running as root (no user in config file)
2019-06-21 10:25:35,128 INFO supervisord started with pid 1
2019-06-21 10:25:36,134 INFO spawned: 'exit_on_any_fatal' with pid 20
2019-06-21 10:25:36,143 INFO spawned: 'apache' with pid 21
2019-06-21 10:25:36,151 INFO spawned: 'run_schedule' with pid 22
2019-06-21 10:25:37,508 INFO success: exit_on_any_fatal entered RUNNING state, process has stayed up for > than 1 seconds (startsecs)
2019-06-21 10:25:37,508 INFO success: apache entered RUNNING state, process has stayed up for > than 1 seconds (startsecs)
2019-06-21 10:25:37,509 INFO success: run_schedule entered RUNNING state, process has stayed up for > than 1 seconds (startsecs)
2019-06-21 10:42:07,425 WARN received SIGTERM indicating exit request
2019-06-21 10:42:07,429 INFO waiting for apache, exit_on_any_fatal, run_schedule to die
2019-06-21 10:42:07,432 INFO stopped: run_schedule (terminated by SIGTERM)
2019-06-21 10:42:07,477 INFO stopped: apache (terminated by SIGTERM)
2019-06-21 10:42:07,531 INFO stopped: exit_on_any_fatal (terminated by SIGTERM)
2019-06-25 01:53:16,308 CRIT Supervisor running as root (no user in config file)
2019-06-25 01:53:16,310 INFO supervisord started with pid 1
2019-06-25 01:53:17,312 INFO spawned: 'exit_on_any_fatal' with pid 22
2019-06-25 01:53:17,314 INFO spawned: 'apache' with pid 23
2019-06-25 01:53:17,315 INFO spawned: 'run_schedule' with pid 24
2019-06-25 01:53:18,500 INFO success: exit_on_any_fatal entered RUNNING state, process has stayed up for > than 1 seconds (startsecs)
2019-06-25 01:53:18,500 INFO success: apache entered RUNNING state, process has stayed up for > than 1 seconds (startsecs)
2019-06-25 01:53:18,500 INFO success: run_schedule entered RUNNING state, process has stayed up for > than 1 seconds (startsecs)
2019-06-25 02:06:37,578 WARN received SIGTERM indicating exit request
2019-06-25 02:06:37,579 INFO waiting for apache, exit_on_any_fatal, run_schedule to die
2019-06-25 02:06:37,579 INFO stopped: run_schedule (terminated by SIGTERM)
2019-06-25 02:06:37,594 INFO stopped: apache (terminated by SIGTERM)
2019-06-25 02:06:37,595 INFO stopped: exit_on_any_fatal (terminated by SIGTERM)
2019-06-25 02:09:10,744 CRIT Supervisor running as root (no user in config file)
2019-06-25 02:09:10,745 INFO supervisord started with pid 1
2019-06-25 02:09:11,746 INFO spawned: 'exit_on_any_fatal' with pid 22
2019-06-25 02:09:11,747 INFO spawned: 'apache' with pid 23
2019-06-25 02:09:11,748 INFO spawned: 'run_schedule' with pid 24
2019-06-25 02:09:12,852 INFO success: exit_on_any_fatal entered RUNNING state, process has stayed up for > than 1 seconds (startsecs)
2019-06-25 02:09:12,852 INFO success: apache entered RUNNING state, process has stayed up for > than 1 seconds (startsecs)
2019-06-25 02:09:12,853 INFO success: run_schedule entered RUNNING state, process has stayed up for > than 1 seconds (startsecs)
2019-06-25 02:20:22,534 CRIT Supervisor running as root (no user in config file)
2019-06-25 02:20:22,553 INFO supervisord started with pid 1
2019-06-25 02:20:23,560 INFO spawned: 'exit_on_any_fatal' with pid 21
2019-06-25 02:20:23,565 INFO spawned: 'apache' with pid 22
2019-06-25 02:20:23,570 INFO spawned: 'run_schedule' with pid 23
2019-06-25 02:20:25,114 INFO success: exit_on_any_fatal entered RUNNING state, process has stayed up for > than 1 seconds (startsecs)
2019-06-25 02:20:25,115 INFO success: apache entered RUNNING state, process has stayed up for > than 1 seconds (startsecs)
2019-06-25 02:20:25,116 INFO success: run_schedule entered RUNNING state, process has stayed up for > than 1 seconds (startsecs)
